<?xml version="1.0" encoding="UTF-8"?>
<testng-results skipped="0" failed="0" ignored="0" total="4" passed="4">
  <reporter-output>
  </reporter-output>
  <suite name="Search Demo" duration-ms="138413" started-at="2020-05-14T14:09:52Z" finished-at="2020-05-14T14:12:10Z">
    <groups>
    </groups>
    <test name="search-java" duration-ms="93736" started-at="2020-05-14T14:09:52Z" finished-at="2020-05-14T14:11:26Z">
      <class name="demoTests.Searchducktest">
        <test-method status="PASS" signature="before()[pri:0, instance:demoTests.Searchducktest@6e3c1e69]" name="before" is-config="true" duration-ms="78746" started-at="2020-05-14T14:09:52Z" finished-at="2020-05-14T14:11:11Z">
          <reporter-output>
          </reporter-output>
        </test-method> <!-- before -->
        <test-method status="PASS" signature="search(java.lang.String)[pri:0, instance:demoTests.Searchducktest@6e3c1e69]" name="search" duration-ms="14886" started-at="2020-05-14T14:11:11Z" finished-at="2020-05-14T14:11:26Z">
          <params>
            <param index="0">
              <value>
                <![CDATA[java]]>
              </value>
            </param>
          </params>
          <reporter-output>
          </reporter-output>
        </test-method> <!-- search -->
        <test-method status="PASS" signature="quit()[pri:0, instance:demoTests.Searchducktest@6e3c1e69]" name="quit" is-config="true" duration-ms="65" started-at="2020-05-14T14:11:26Z" finished-at="2020-05-14T14:11:26Z">
          <reporter-output>
          </reporter-output>
        </test-method> <!-- quit -->
      </class> <!-- demoTests.Searchducktest -->
    </test> <!-- search-java -->
    <test name="search-selenium" duration-ms="14729" started-at="2020-05-14T14:11:26Z" finished-at="2020-05-14T14:11:40Z">
      <class name="demoTests.Searchducktest">
        <test-method status="PASS" signature="before()[pri:0, instance:demoTests.Searchducktest@7dc36524]" name="before" is-config="true" duration-ms="994" started-at="2020-05-14T14:11:26Z" finished-at="2020-05-14T14:11:27Z">
          <reporter-output>
          </reporter-output>
        </test-method> <!-- before -->
        <test-method status="PASS" signature="search(java.lang.String)[pri:0, instance:demoTests.Searchducktest@7dc36524]" name="search" duration-ms="13662" started-at="2020-05-14T14:11:27Z" finished-at="2020-05-14T14:11:40Z">
          <params>
            <param index="0">
              <value>
                <![CDATA[selenium]]>
              </value>
            </param>
          </params>
          <reporter-output>
          </reporter-output>
        </test-method> <!-- search -->
        <test-method status="PASS" signature="quit()[pri:0, instance:demoTests.Searchducktest@7dc36524]" name="quit" is-config="true" duration-ms="73" started-at="2020-05-14T14:11:40Z" finished-at="2020-05-14T14:11:40Z">
          <reporter-output>
          </reporter-output>
        </test-method> <!-- quit -->
      </class> <!-- demoTests.Searchducktest -->
    </test> <!-- search-selenium -->
    <test name="search-webdriver" duration-ms="15060" started-at="2020-05-14T14:11:40Z" finished-at="2020-05-14T14:11:55Z">
      <class name="demoTests.Searchducktest">
        <test-method status="PASS" signature="before()[pri:0, instance:demoTests.Searchducktest@1134affc]" name="before" is-config="true" duration-ms="911" started-at="2020-05-14T14:11:40Z" finished-at="2020-05-14T14:11:41Z">
          <reporter-output>
          </reporter-output>
        </test-method> <!-- before -->
        <test-method status="PASS" signature="search(java.lang.String)[pri:0, instance:demoTests.Searchducktest@1134affc]" name="search" duration-ms="14088" started-at="2020-05-14T14:11:41Z" finished-at="2020-05-14T14:11:55Z">
          <params>
            <param index="0">
              <value>
                <![CDATA[webdriver]]>
              </value>
            </param>
          </params>
          <reporter-output>
          </reporter-output>
        </test-method> <!-- search -->
        <test-method status="PASS" signature="quit()[pri:0, instance:demoTests.Searchducktest@1134affc]" name="quit" is-config="true" duration-ms="61" started-at="2020-05-14T14:11:55Z" finished-at="2020-05-14T14:11:55Z">
          <reporter-output>
          </reporter-output>
        </test-method> <!-- quit -->
      </class> <!-- demoTests.Searchducktest -->
    </test> <!-- search-webdriver -->
    <test name="search-docker" duration-ms="14772" started-at="2020-05-14T14:11:55Z" finished-at="2020-05-14T14:12:10Z">
      <class name="demoTests.Searchducktest">
        <test-method status="PASS" signature="before()[pri:0, instance:demoTests.Searchducktest@6bdf28bb]" name="before" is-config="true" duration-ms="927" started-at="2020-05-14T14:11:55Z" finished-at="2020-05-14T14:11:56Z">
          <reporter-output>
          </reporter-output>
        </test-method> <!-- before -->
        <test-method status="PASS" signature="search(java.lang.String)[pri:0, instance:demoTests.Searchducktest@6bdf28bb]" name="search" duration-ms="13782" started-at="2020-05-14T14:11:56Z" finished-at="2020-05-14T14:12:10Z">
          <params>
            <param index="0">
              <value>
                <![CDATA[docker]]>
              </value>
            </param>
          </params>
          <reporter-output>
          </reporter-output>
        </test-method> <!-- search -->
        <test-method status="PASS" signature="quit()[pri:0, instance:demoTests.Searchducktest@6bdf28bb]" name="quit" is-config="true" duration-ms="61" started-at="2020-05-14T14:12:10Z" finished-at="2020-05-14T14:12:10Z">
          <reporter-output>
          </reporter-output>
        </test-method> <!-- quit -->
      </class> <!-- demoTests.Searchducktest -->
    </test> <!-- search-docker -->
  </suite> <!-- Search Demo -->
</testng-results>
